#! /c/Source/iverilog-install/bin/vvp
:ivl_version "12.0 (devel)" "(s20150603-1110-g18392a46)";
:ivl_delay_selection "TYPICAL";
:vpi_time_precision + 0;
:vpi_module "E:\iverilog\lib\ivl\system.vpi";
:vpi_module "E:\iverilog\lib\ivl\vhdl_sys.vpi";
:vpi_module "E:\iverilog\lib\ivl\vhdl_textio.vpi";
:vpi_module "E:\iverilog\lib\ivl\v2005_math.vpi";
:vpi_module "E:\iverilog\lib\ivl\va_math.vpi";
S_000001a2fb706520 .scope module, "dff" "dff" 2 1;
 .timescale 0 0;
    .port_info 0 /OUTPUT 1 "q";
    .port_info 1 /OUTPUT 1 "qbar";
    .port_info 2 /INPUT 1 "clk";
    .port_info 3 /INPUT 1 "rst";
    .port_info 4 /INPUT 1 "d";
o000001a2fb756fd8 .functor BUFZ 1, C4<z>; HiZ drive
v000001a2fb7066b0_0 .net "clk", 0 0, o000001a2fb756fd8;  0 drivers
o000001a2fb757008 .functor BUFZ 1, C4<z>; HiZ drive
v000001a2fb706750_0 .net "d", 0 0, o000001a2fb757008;  0 drivers
v000001a2fb7067f0_0 .var "q", 0 0;
v000001a2fb70eb00_0 .var "qbar", 0 0;
o000001a2fb757098 .functor BUFZ 1, C4<z>; HiZ drive
v000001a2fb70eba0_0 .net "rst", 0 0, o000001a2fb757098;  0 drivers
E_000001a2fb754850 .event posedge, v000001a2fb7066b0_0;
    .scope S_000001a2fb706520;
T_0 ;
    %wait E_000001a2fb754850;
    %load/vec4 v000001a2fb70eba0_0;
    %flag_set/vec4 8;
    %jmp/0xz  T_0.0, 8;
    %pushi/vec4 0, 0, 1;
    %store/vec4 v000001a2fb7067f0_0, 0, 1;
    %pushi/vec4 1, 0, 1;
    %store/vec4 v000001a2fb70eb00_0, 0, 1;
    %jmp T_0.1;
T_0.0 ;
    %load/vec4 v000001a2fb706750_0;
    %store/vec4 v000001a2fb7067f0_0, 0, 1;
    %load/vec4 v000001a2fb706750_0;
    %inv;
    %store/vec4 v000001a2fb70eb00_0, 0, 1;
T_0.1 ;
    %jmp T_0;
    .thread T_0;
# The file index is used to find the file name in the following table.
:file_names 3;
    "N/A";
    "<interactive>";
    "Dflip_flop.v";
