#! /c/Source/iverilog-install/bin/vvp
:ivl_version "12.0 (devel)" "(s20150603-1110-g18392a46)";
:ivl_delay_selection "TYPICAL";
:vpi_time_precision + 0;
:vpi_module "E:\iverilog\lib\ivl\system.vpi";
:vpi_module "E:\iverilog\lib\ivl\vhdl_sys.vpi";
:vpi_module "E:\iverilog\lib\ivl\vhdl_textio.vpi";
:vpi_module "E:\iverilog\lib\ivl\v2005_math.vpi";
:vpi_module "E:\iverilog\lib\ivl\va_math.vpi";
S_000001f4418bbca0 .scope module, "tb_sequence" "tb_sequence" 2 3;
 .timescale 0 0;
v000001f4418bd910_0 .var "clk", 0 0;
v000001f4418bd9b0_0 .var "rst", 0 0;
v000001f441a03360_0 .net "y", 2 0, L_000001f4418b6900;  1 drivers
S_000001f4418bd5a0 .scope module, "seq_count" "sequence" 2 8, 3 1 0, S_000001f4418bbca0;
 .timescale 0 0;
    .port_info 0 /OUTPUT 3 "y";
    .port_info 1 /INPUT 1 "clk";
    .port_info 2 /INPUT 1 "rst";
P_000001f4418bbe30 .param/l "S1" 0 3 3, C4<000>;
P_000001f4418bbe68 .param/l "S2" 0 3 4, C4<101>;
P_000001f4418bbea0 .param/l "S3" 0 3 5, C4<111>;
P_000001f4418bbed8 .param/l "S4" 0 3 6, C4<110>;
P_000001f4418bbf10 .param/l "S5" 0 3 7, C4<011>;
P_000001f4418bbf48 .param/l "S6" 0 3 8, C4<010>;
L_000001f4418b6900 .functor BUFZ 3, v000001f4418b6860_0, C4<000>, C4<000>, C4<000>;
v000001f4418b6c70_0 .net "clk", 0 0, v000001f4418bd910_0;  1 drivers
v000001f4418b6860_0 .var "cur_state", 2 0;
v000001f4418bd730_0 .var "next_state", 2 0;
v000001f4418bd7d0_0 .net "rst", 0 0, v000001f4418bd9b0_0;  1 drivers
v000001f4418bd870_0 .net "y", 2 0, L_000001f4418b6900;  alias, 1 drivers
E_000001f441a083c0 .event anyedge, v000001f4418b6860_0;
E_000001f441a07740 .event posedge, v000001f4418b6c70_0;
    .scope S_000001f4418bd5a0;
T_0 ;
    %wait E_000001f441a07740;
    %load/vec4 v000001f4418bd7d0_0;
    %flag_set/vec4 8;
    %jmp/0xz  T_0.0, 8;
    %pushi/vec4 0, 0, 3;
    %store/vec4 v000001f4418b6860_0, 0, 3;
    %jmp T_0.1;
T_0.0 ;
    %load/vec4 v000001f4418bd730_0;
    %store/vec4 v000001f4418b6860_0, 0, 3;
T_0.1 ;
    %jmp T_0;
    .thread T_0;
    .scope S_000001f4418bd5a0;
T_1 ;
    %wait E_000001f441a083c0;
    %load/vec4 v000001f4418b6860_0;
    %dup/vec4;
    %pushi/vec4 0, 0, 3;
    %cmp/u;
    %jmp/1 T_1.0, 6;
    %dup/vec4;
    %pushi/vec4 5, 0, 3;
    %cmp/u;
    %jmp/1 T_1.1, 6;
    %dup/vec4;
    %pushi/vec4 7, 0, 3;
    %cmp/u;
    %jmp/1 T_1.2, 6;
    %dup/vec4;
    %pushi/vec4 6, 0, 3;
    %cmp/u;
    %jmp/1 T_1.3, 6;
    %dup/vec4;
    %pushi/vec4 3, 0, 3;
    %cmp/u;
    %jmp/1 T_1.4, 6;
    %dup/vec4;
    %pushi/vec4 2, 0, 3;
    %cmp/u;
    %jmp/1 T_1.5, 6;
    %jmp T_1.6;
T_1.0 ;
    %pushi/vec4 5, 0, 3;
    %store/vec4 v000001f4418bd730_0, 0, 3;
    %jmp T_1.6;
T_1.1 ;
    %pushi/vec4 7, 0, 3;
    %store/vec4 v000001f4418bd730_0, 0, 3;
    %jmp T_1.6;
T_1.2 ;
    %pushi/vec4 6, 0, 3;
    %store/vec4 v000001f4418bd730_0, 0, 3;
    %jmp T_1.6;
T_1.3 ;
    %pushi/vec4 3, 0, 3;
    %store/vec4 v000001f4418bd730_0, 0, 3;
    %jmp T_1.6;
T_1.4 ;
    %pushi/vec4 2, 0, 3;
    %store/vec4 v000001f4418bd730_0, 0, 3;
    %jmp T_1.6;
T_1.5 ;
    %pushi/vec4 0, 0, 3;
    %store/vec4 v000001f4418bd730_0, 0, 3;
    %jmp T_1.6;
T_1.6 ;
    %pop/vec4 1;
    %jmp T_1;
    .thread T_1, $push;
    .scope S_000001f4418bbca0;
T_2 ;
    %pushi/vec4 0, 0, 1;
    %assign/vec4 v000001f4418bd910_0, 0;
    %pushi/vec4 1, 0, 1;
    %assign/vec4 v000001f4418bd9b0_0, 0;
    %delay 20, 0;
    %pushi/vec4 0, 0, 1;
    %store/vec4 v000001f4418bd9b0_0, 0, 1;
    %delay 150, 0;
    %vpi_call 2 14 "$finish" {0 0 0};
    %end;
    .thread T_2;
    .scope S_000001f4418bbca0;
T_3 ;
    %delay 10, 0;
    %load/vec4 v000001f4418bd910_0;
    %inv;
    %store/vec4 v000001f4418bd910_0, 0, 1;
    %jmp T_3;
    .thread T_3;
    .scope S_000001f4418bbca0;
T_4 ;
    %vpi_call 2 22 "$monitor", $time, "ns clk=%b,rst=%b,y=%b", v000001f4418bd910_0, v000001f4418bd9b0_0, v000001f441a03360_0 {0 0 0};
    %vpi_call 2 23 "$dumpfile", "tb_sequence.vcd" {0 0 0};
    %vpi_call 2 24 "$dumpvars" {0 0 0};
    %end;
    .thread T_4;
# The file index is used to find the file name in the following table.
:file_names 4;
    "N/A";
    "<interactive>";
    "tb_sequence.v";
    "./sequence.v";
