#! /c/Source/iverilog-install/bin/vvp
:ivl_version "12.0 (devel)" "(s20150603-1110-g18392a46)";
:ivl_delay_selection "TYPICAL";
:vpi_time_precision + 0;
:vpi_module "E:\iverilog\lib\ivl\system.vpi";
:vpi_module "E:\iverilog\lib\ivl\vhdl_sys.vpi";
:vpi_module "E:\iverilog\lib\ivl\vhdl_textio.vpi";
:vpi_module "E:\iverilog\lib\ivl\v2005_math.vpi";
:vpi_module "E:\iverilog\lib\ivl\va_math.vpi";
S_000001b96494ecf0 .scope module, "Bidirect_shift" "Bidirect_shift" 2 1;
 .timescale 0 0;
    .port_info 0 /OUTPUT 4 "q";
    .port_info 1 /INPUT 1 "clk";
    .port_info 2 /INPUT 1 "shift";
    .port_info 3 /INPUT 1 "load";
    .port_info 4 /INPUT 4 "in";
o000001b964996fa8 .functor BUFZ 1, C4<z>; HiZ drive
v000001b96494ee80_0 .net "clk", 0 0, o000001b964996fa8;  0 drivers
o000001b964996fd8 .functor BUFZ 4, C4<zzzz>; HiZ drive
v000001b96494ef20_0 .net "in", 3 0, o000001b964996fd8;  0 drivers
o000001b964997008 .functor BUFZ 1, C4<z>; HiZ drive
v000001b9649467e0_0 .net "load", 0 0, o000001b964997008;  0 drivers
v000001b96494af60_0 .var "q", 3 0;
o000001b964997068 .functor BUFZ 1, C4<z>; HiZ drive
v000001b96494b410_0 .net "shift", 0 0, o000001b964997068;  0 drivers
E_000001b96494d0c0/0 .event anyedge, v000001b96494ef20_0, v000001b9649467e0_0, v000001b96494b410_0;
E_000001b96494d0c0/1 .event posedge, v000001b96494ee80_0;
E_000001b96494d0c0 .event/or E_000001b96494d0c0/0, E_000001b96494d0c0/1;
    .scope S_000001b96494ecf0;
T_0 ;
    %wait E_000001b96494d0c0;
    %load/vec4 v000001b9649467e0_0;
    %flag_set/vec4 8;
    %jmp/0xz  T_0.0, 8;
    %load/vec4 v000001b96494ef20_0;
    %store/vec4 v000001b96494af60_0, 0, 4;
    %jmp T_0.1;
T_0.0 ;
    %load/vec4 v000001b96494b410_0;
    %flag_set/vec4 8;
    %jmp/0xz  T_0.2, 8;
    %load/vec4 v000001b96494af60_0;
    %ix/load 4, 1, 0;
    %flag_set/imm 4, 0;
    %shiftl 4;
    %store/vec4 v000001b96494af60_0, 0, 4;
    %jmp T_0.3;
T_0.2 ;
    %load/vec4 v000001b96494af60_0;
    %ix/load 4, 1, 0;
    %flag_set/imm 4, 0;
    %shiftr 4;
    %store/vec4 v000001b96494af60_0, 0, 4;
T_0.3 ;
T_0.1 ;
    %jmp T_0;
    .thread T_0;
# The file index is used to find the file name in the following table.
:file_names 3;
    "N/A";
    "<interactive>";
    "Bidirectional_Shift_Register.v";
