#! /c/Source/iverilog-install/bin/vvp
:ivl_version "12.0 (devel)" "(s20150603-1110-g18392a46)";
:ivl_delay_selection "TYPICAL";
:vpi_time_precision + 0;
:vpi_module "E:\iverilog\lib\ivl\system.vpi";
:vpi_module "E:\iverilog\lib\ivl\vhdl_sys.vpi";
:vpi_module "E:\iverilog\lib\ivl\vhdl_textio.vpi";
:vpi_module "E:\iverilog\lib\ivl\v2005_math.vpi";
:vpi_module "E:\iverilog\lib\ivl\va_math.vpi";
S_000001b905556500 .scope module, "dff" "dff" 2 1;
 .timescale 0 0;
    .port_info 0 /OUTPUT 1 "q";
    .port_info 1 /OUTPUT 1 "qbar";
    .port_info 2 /INPUT 1 "clk";
    .port_info 3 /INPUT 1 "d";
o000001b905776f98 .functor BUFZ 1, C4<z>; HiZ drive
v000001b905776ef0_0 .net "clk", 0 0, o000001b905776f98;  0 drivers
o000001b905776fc8 .functor BUFZ 1, C4<z>; HiZ drive
v000001b905556690_0 .net "d", 0 0, o000001b905776fc8;  0 drivers
v000001b905556730_0 .var "q", 0 0;
v000001b9055567d0_0 .var "qbar", 0 0;
E_000001b905774a30 .event posedge, v000001b905776ef0_0;
    .scope S_000001b905556500;
T_0 ;
    %wait E_000001b905774a30;
    %load/vec4 v000001b905556690_0;
    %store/vec4 v000001b905556730_0, 0, 1;
    %load/vec4 v000001b905556690_0;
    %inv;
    %store/vec4 v000001b9055567d0_0, 0, 1;
    %jmp T_0;
    .thread T_0;
# The file index is used to find the file name in the following table.
:file_names 3;
    "N/A";
    "<interactive>";
    "Dflip_flop.v";
