#! /c/Source/iverilog-install/bin/vvp
:ivl_version "12.0 (devel)" "(s20150603-1110-g18392a46)";
:ivl_delay_selection "TYPICAL";
:vpi_time_precision + 0;
:vpi_module "E:\iverilog\lib\ivl\system.vpi";
:vpi_module "E:\iverilog\lib\ivl\vhdl_sys.vpi";
:vpi_module "E:\iverilog\lib\ivl\vhdl_textio.vpi";
:vpi_module "E:\iverilog\lib\ivl\v2005_math.vpi";
:vpi_module "E:\iverilog\lib\ivl\va_math.vpi";
S_000001fd370a56e0 .scope module, "jk_ff" "jk_ff" 2 2;
 .timescale 0 0;
    .port_info 0 /OUTPUT 1 "q";
    .port_info 1 /OUTPUT 1 "qbar";
    .port_info 2 /INPUT 1 "clk";
    .port_info 3 /INPUT 1 "j";
    .port_info 4 /INPUT 1 "k";
o000001fd370a72d8 .functor BUFZ 1, C4<z>; HiZ drive
L_000001fd37236d70 .functor NOT 1, o000001fd370a72d8, C4<0>, C4<0>, C4<0>;
L_000001fd37236f40 .functor AND 1, v000001fd372364d0_0, L_000001fd370efd90, C4<1>, C4<1>;
o000001fd370a72a8 .functor BUFZ 1, C4<z>; HiZ drive
L_000001fd3723b820 .functor AND 1, v000001fd37236570_0, o000001fd370a72a8, C4<1>, C4<1>;
L_000001fd370a42d0 .functor OR 1, L_000001fd370f06f0, L_000001fd370f0470, C4<0>, C4<0>;
v000001fd37236610_0 .net *"_ivl_0", 0 0, L_000001fd37236d70;  1 drivers
v000001fd372366b0_0 .net *"_ivl_12", 0 0, L_000001fd370f06f0;  1 drivers
v000001fd37236750_0 .net *"_ivl_14", 0 0, L_000001fd370f0470;  1 drivers
v000001fd372367f0_0 .net *"_ivl_2", 0 0, L_000001fd37236f40;  1 drivers
v000001fd3723b9e0_0 .net *"_ivl_5", 0 0, L_000001fd370efd90;  1 drivers
v000001fd3723ba80_0 .net *"_ivl_6", 0 0, L_000001fd3723b820;  1 drivers
v000001fd3723bb20_0 .net *"_ivl_8", 0 0, L_000001fd370a42d0;  1 drivers
o000001fd370a6fd8 .functor BUFZ 1, C4<z>; HiZ drive
v000001fd370f05b0_0 .net "clk", 0 0, o000001fd370a6fd8;  0 drivers
v000001fd370efc50_0 .net "j", 0 0, o000001fd370a72a8;  0 drivers
v000001fd370f03d0_0 .net "k", 0 0, o000001fd370a72d8;  0 drivers
v000001fd370efcf0_0 .net "q", 0 0, v000001fd372364d0_0;  1 drivers
v000001fd370efed0_0 .net "qbar", 0 0, v000001fd37236570_0;  1 drivers
v000001fd370f0290_0 .net "w", 3 0, L_000001fd370f0650;  1 drivers
L_000001fd370efd90 .part L_000001fd370f0650, 0, 1;
L_000001fd370f0650 .concat8 [ 1 1 1 1], L_000001fd37236d70, L_000001fd37236f40, L_000001fd3723b820, L_000001fd370a42d0;
L_000001fd370f06f0 .part L_000001fd370f0650, 2, 1;
L_000001fd370f0470 .part L_000001fd370f0650, 1, 1;
L_000001fd370f0510 .part L_000001fd370f0650, 3, 1;
S_000001fd370a5870 .scope module, "dff1" "dff" 2 22, 3 1 0, S_000001fd370a56e0;
 .timescale 0 0;
    .port_info 0 /OUTPUT 1 "q";
    .port_info 1 /OUTPUT 1 "qbar";
    .port_info 2 /INPUT 1 "clk";
    .port_info 3 /INPUT 1 "d";
v000001fd370a5a00_0 .net "clk", 0 0, o000001fd370a6fd8;  alias, 0 drivers
v000001fd37236430_0 .net "d", 0 0, L_000001fd370f0510;  1 drivers
v000001fd372364d0_0 .var "q", 0 0;
v000001fd37236570_0 .var "qbar", 0 0;
E_000001fd3723cd60 .event posedge, v000001fd370a5a00_0;
    .scope S_000001fd370a5870;
T_0 ;
    %wait E_000001fd3723cd60;
    %load/vec4 v000001fd37236430_0;
    %store/vec4 v000001fd372364d0_0, 0, 1;
    %load/vec4 v000001fd37236430_0;
    %inv;
    %store/vec4 v000001fd37236570_0, 0, 1;
    %jmp T_0;
    .thread T_0;
# The file index is used to find the file name in the following table.
:file_names 4;
    "N/A";
    "<interactive>";
    "jk_ff.v";
    "./Dflip_flop.v";
