#! /c/Source/iverilog-install/bin/vvp
:ivl_version "12.0 (devel)" "(s20150603-1110-g18392a46)";
:ivl_delay_selection "TYPICAL";
:vpi_time_precision + 0;
:vpi_module "E:\iverilog\lib\ivl\system.vpi";
:vpi_module "E:\iverilog\lib\ivl\vhdl_sys.vpi";
:vpi_module "E:\iverilog\lib\ivl\vhdl_textio.vpi";
:vpi_module "E:\iverilog\lib\ivl\v2005_math.vpi";
:vpi_module "E:\iverilog\lib\ivl\va_math.vpi";
S_000001f5652265d0 .scope module, "top" "top" 2 11;
 .timescale 0 0;
S_000001f5653c63d0 .scope module, "w1" "hello_world" 2 18, 2 2 0, S_000001f5652265d0;
 .timescale 0 0;
P_000001f565224d60 .param/l "id_num" 0 2 4, +C4<00000000000000000000000000000001>;
S_000001f5653c6560 .scope module, "w2" "hello_world" 2 19, 2 2 0, S_000001f5652265d0;
 .timescale 0 0;
P_000001f565225160 .param/l "id_num" 0 2 4, +C4<00000000000000000000000000000010>;
    .scope S_000001f5653c63d0;
T_0 ;
    %vpi_call 2 6 "$display", "Displaying hello_world id number = %d", P_000001f565224d60 {0 0 0};
    %end;
    .thread T_0;
    .scope S_000001f5653c6560;
T_1 ;
    %vpi_call 2 6 "$display", "Displaying hello_world id number = %d", P_000001f565225160 {0 0 0};
    %end;
    .thread T_1;
# The file index is used to find the file name in the following table.
:file_names 3;
    "N/A";
    "<interactive>";
    "Defparam.v";
