#! /c/Source/iverilog-install/bin/vvp
:ivl_version "12.0 (devel)" "(s20150603-1110-g18392a46)";
:ivl_delay_selection "TYPICAL";
:vpi_time_precision + 0;
:vpi_module "E:\iverilog\lib\ivl\system.vpi";
:vpi_module "E:\iverilog\lib\ivl\vhdl_sys.vpi";
:vpi_module "E:\iverilog\lib\ivl\vhdl_textio.vpi";
:vpi_module "E:\iverilog\lib\ivl\v2005_math.vpi";
:vpi_module "E:\iverilog\lib\ivl\va_math.vpi";
S_000001e8c3776510 .scope module, "jkff" "jkff" 2 1;
 .timescale 0 0;
    .port_info 0 /OUTPUT 1 "q";
    .port_info 1 /OUTPUT 1 "qbar";
    .port_info 2 /INPUT 1 "clk";
    .port_info 3 /INPUT 1 "clr";
    .port_info 4 /INPUT 1 "enable";
    .port_info 5 /INPUT 1 "j";
    .port_info 6 /INPUT 1 "k";
o000001e8c35d6fd8 .functor BUFZ 1, C4<z>; HiZ drive
v000001e8c3776720_0 .net "clk", 0 0, o000001e8c35d6fd8;  0 drivers
o000001e8c35d7008 .functor BUFZ 1, C4<z>; HiZ drive
v000001e8c37767c0_0 .net "clr", 0 0, o000001e8c35d7008;  0 drivers
o000001e8c35d7038 .functor BUFZ 1, C4<z>; HiZ drive
v000001e8c35d36c0_0 .net "enable", 0 0, o000001e8c35d7038;  0 drivers
o000001e8c35d7068 .functor BUFZ 1, C4<z>; HiZ drive
v000001e8c35d3760_0 .net "j", 0 0, o000001e8c35d7068;  0 drivers
o000001e8c35d7098 .functor BUFZ 1, C4<z>; HiZ drive
v000001e8c35d3800_0 .net "k", 0 0, o000001e8c35d7098;  0 drivers
v000001e8c35d38a0_0 .var "q", 0 0;
v000001e8c35d3940_0 .var "qbar", 0 0;
E_000001e8c377c950/0 .event anyedge, v000001e8c35d36c0_0, v000001e8c37767c0_0, v000001e8c35d3800_0, v000001e8c35d3760_0;
E_000001e8c377c950/1 .event posedge, v000001e8c3776720_0;
E_000001e8c377c950 .event/or E_000001e8c377c950/0, E_000001e8c377c950/1;
    .scope S_000001e8c3776510;
T_0 ;
    %wait E_000001e8c377c950;
    %load/vec4 v000001e8c35d36c0_0;
    %flag_set/vec4 8;
    %jmp/0xz  T_0.0, 8;
    %load/vec4 v000001e8c37767c0_0;
    %flag_set/vec4 8;
    %jmp/0xz  T_0.2, 8;
    %pushi/vec4 0, 0, 1;
    %store/vec4 v000001e8c35d38a0_0, 0, 1;
    %pushi/vec4 1, 0, 1;
    %store/vec4 v000001e8c35d3940_0, 0, 1;
T_0.2 ;
    %load/vec4 v000001e8c35d3760_0;
    %load/vec4 v000001e8c35d3800_0;
    %concat/vec4; draw_concat_vec4
    %dup/vec4;
    %pushi/vec4 0, 0, 2;
    %cmp/u;
    %jmp/1 T_0.4, 6;
    %dup/vec4;
    %pushi/vec4 1, 0, 2;
    %cmp/u;
    %jmp/1 T_0.5, 6;
    %dup/vec4;
    %pushi/vec4 2, 0, 2;
    %cmp/u;
    %jmp/1 T_0.6, 6;
    %dup/vec4;
    %pushi/vec4 3, 0, 2;
    %cmp/u;
    %jmp/1 T_0.7, 6;
    %jmp T_0.8;
T_0.4 ;
    %load/vec4 v000001e8c35d38a0_0;
    %assign/vec4 v000001e8c35d38a0_0, 0;
    %load/vec4 v000001e8c35d3940_0;
    %assign/vec4 v000001e8c35d3940_0, 0;
    %jmp T_0.8;
T_0.5 ;
    %pushi/vec4 0, 0, 1;
    %assign/vec4 v000001e8c35d38a0_0, 0;
    %pushi/vec4 1, 0, 1;
    %assign/vec4 v000001e8c35d3940_0, 0;
    %jmp T_0.8;
T_0.6 ;
    %pushi/vec4 1, 0, 1;
    %assign/vec4 v000001e8c35d38a0_0, 0;
    %pushi/vec4 0, 0, 1;
    %assign/vec4 v000001e8c35d3940_0, 0;
    %jmp T_0.8;
T_0.7 ;
    %load/vec4 v000001e8c35d3940_0;
    %assign/vec4 v000001e8c35d38a0_0, 0;
    %load/vec4 v000001e8c35d38a0_0;
    %assign/vec4 v000001e8c35d3940_0, 0;
    %jmp T_0.8;
T_0.8 ;
    %pop/vec4 1;
T_0.0 ;
    %jmp T_0;
    .thread T_0;
# The file index is used to find the file name in the following table.
:file_names 3;
    "N/A";
    "<interactive>";
    "jkff.v";
