#! /c/Source/iverilog-install/bin/vvp
:ivl_version "12.0 (devel)" "(s20150603-1110-g18392a46)";
:ivl_delay_selection "TYPICAL";
:vpi_time_precision + 0;
:vpi_module "E:\iverilog\lib\ivl\system.vpi";
:vpi_module "E:\iverilog\lib\ivl\vhdl_sys.vpi";
:vpi_module "E:\iverilog\lib\ivl\vhdl_textio.vpi";
:vpi_module "E:\iverilog\lib\ivl\v2005_math.vpi";
:vpi_module "E:\iverilog\lib\ivl\va_math.vpi";
S_000001b5b616bd00 .scope module, "testb_dff" "testb_dff" 2 3;
 .timescale 0 0;
v000001b5b61a6f00_0 .var "clk", 0 0;
v000001b5b61a6fa0_0 .var "clr", 0 0;
v000001b5b61a7040_0 .var "enable", 0 0;
v000001b5b61a70e0_0 .var "j", 0 0;
v000001b5b61a7180_0 .var "k", 0 0;
v000001b5b61b0fb0_0 .net "q", 0 0, v000001b5b616e500_0;  1 drivers
v000001b5b61b1370_0 .net "qbar", 0 0, v000001b5b61a6e60_0;  1 drivers
S_000001b5b616e0f0 .scope module, "ff1" "jkff" 2 9, 3 1 0, S_000001b5b616bd00;
 .timescale 0 0;
    .port_info 0 /OUTPUT 1 "q";
    .port_info 1 /OUTPUT 1 "qbar";
    .port_info 2 /INPUT 1 "clk";
    .port_info 3 /INPUT 1 "clr";
    .port_info 4 /INPUT 1 "enable";
    .port_info 5 /INPUT 1 "j";
    .port_info 6 /INPUT 1 "k";
v000001b5b616e280_0 .net "clk", 0 0, v000001b5b61a6f00_0;  1 drivers
v000001b5b6166840_0 .net "clr", 0 0, v000001b5b61a6fa0_0;  1 drivers
v000001b5b616e320_0 .net "enable", 0 0, v000001b5b61a7040_0;  1 drivers
v000001b5b616e3c0_0 .net "j", 0 0, v000001b5b61a70e0_0;  1 drivers
v000001b5b616e460_0 .net "k", 0 0, v000001b5b61a7180_0;  1 drivers
v000001b5b616e500_0 .var "q", 0 0;
v000001b5b61a6e60_0 .var "qbar", 0 0;
E_000001b5b61a4dc0/0 .event anyedge, v000001b5b616e320_0, v000001b5b6166840_0, v000001b5b616e460_0, v000001b5b616e3c0_0;
E_000001b5b61a4dc0/1 .event posedge, v000001b5b616e280_0;
E_000001b5b61a4dc0 .event/or E_000001b5b61a4dc0/0, E_000001b5b61a4dc0/1;
    .scope S_000001b5b616e0f0;
T_0 ;
    %wait E_000001b5b61a4dc0;
    %load/vec4 v000001b5b616e320_0;
    %flag_set/vec4 8;
    %jmp/0xz  T_0.0, 8;
    %load/vec4 v000001b5b6166840_0;
    %flag_set/vec4 8;
    %jmp/0xz  T_0.2, 8;
    %pushi/vec4 0, 0, 1;
    %store/vec4 v000001b5b616e500_0, 0, 1;
    %pushi/vec4 1, 0, 1;
    %store/vec4 v000001b5b61a6e60_0, 0, 1;
T_0.2 ;
    %load/vec4 v000001b5b616e3c0_0;
    %load/vec4 v000001b5b616e460_0;
    %concat/vec4; draw_concat_vec4
    %dup/vec4;
    %pushi/vec4 0, 0, 2;
    %cmp/u;
    %jmp/1 T_0.4, 6;
    %dup/vec4;
    %pushi/vec4 1, 0, 2;
    %cmp/u;
    %jmp/1 T_0.5, 6;
    %dup/vec4;
    %pushi/vec4 2, 0, 2;
    %cmp/u;
    %jmp/1 T_0.6, 6;
    %dup/vec4;
    %pushi/vec4 3, 0, 2;
    %cmp/u;
    %jmp/1 T_0.7, 6;
    %jmp T_0.8;
T_0.4 ;
    %load/vec4 v000001b5b616e500_0;
    %assign/vec4 v000001b5b616e500_0, 0;
    %load/vec4 v000001b5b61a6e60_0;
    %assign/vec4 v000001b5b61a6e60_0, 0;
    %jmp T_0.8;
T_0.5 ;
    %pushi/vec4 0, 0, 1;
    %assign/vec4 v000001b5b616e500_0, 0;
    %pushi/vec4 1, 0, 1;
    %assign/vec4 v000001b5b61a6e60_0, 0;
    %jmp T_0.8;
T_0.6 ;
    %pushi/vec4 1, 0, 1;
    %assign/vec4 v000001b5b616e500_0, 0;
    %pushi/vec4 0, 0, 1;
    %assign/vec4 v000001b5b61a6e60_0, 0;
    %jmp T_0.8;
T_0.7 ;
    %load/vec4 v000001b5b61a6e60_0;
    %assign/vec4 v000001b5b616e500_0, 0;
    %load/vec4 v000001b5b616e500_0;
    %assign/vec4 v000001b5b61a6e60_0, 0;
    %jmp T_0.8;
T_0.8 ;
    %pop/vec4 1;
T_0.0 ;
    %jmp T_0;
    .thread T_0;
    .scope S_000001b5b616bd00;
T_1 ;
    %pushi/vec4 0, 0, 1;
    %store/vec4 v000001b5b61a6fa0_0, 0, 1;
    %pushi/vec4 1, 0, 1;
    %store/vec4 v000001b5b61a7040_0, 0, 1;
    %pushi/vec4 0, 0, 1;
    %store/vec4 v000001b5b61a6f00_0, 0, 1;
    %end;
    .thread T_1;
    .scope S_000001b5b616bd00;
T_2 ;
    %delay 1, 0;
    %load/vec4 v000001b5b61a6f00_0;
    %inv;
    %store/vec4 v000001b5b61a6f00_0, 0, 1;
    %jmp T_2;
    .thread T_2;
    .scope S_000001b5b616bd00;
T_3 ;
    %delay 5, 0;
    %pushi/vec4 0, 0, 1;
    %store/vec4 v000001b5b61a70e0_0, 0, 1;
    %pushi/vec4 1, 0, 1;
    %store/vec4 v000001b5b61a7180_0, 0, 1;
    %delay 3, 0;
    %pushi/vec4 0, 0, 1;
    %store/vec4 v000001b5b61a70e0_0, 0, 1;
    %pushi/vec4 0, 0, 1;
    %store/vec4 v000001b5b61a7180_0, 0, 1;
    %delay 10, 0;
    %pushi/vec4 1, 0, 1;
    %store/vec4 v000001b5b61a70e0_0, 0, 1;
    %pushi/vec4 0, 0, 1;
    %store/vec4 v000001b5b61a7180_0, 0, 1;
    %delay 10, 0;
    %pushi/vec4 1, 0, 1;
    %store/vec4 v000001b5b61a70e0_0, 0, 1;
    %pushi/vec4 1, 0, 1;
    %store/vec4 v000001b5b61a7180_0, 0, 1;
    %end;
    .thread T_3;
    .scope S_000001b5b616bd00;
T_4 ;
    %vpi_call 2 36 "$monitor", $time, "ns clk=%b,clr=%b,en=%b,j=%b,k=%b,q=%b,qbar=%b", v000001b5b61a6f00_0, v000001b5b61a6fa0_0, v000001b5b61a7040_0, v000001b5b61a70e0_0, v000001b5b61a7180_0, v000001b5b61b0fb0_0, v000001b5b61b1370_0 {0 0 0};
    %vpi_call 2 37 "$dumpfile", "tb_jkff.vcd" {0 0 0};
    %vpi_call 2 38 "$dumpvars" {0 0 0};
    %delay 50, 0;
    %vpi_call 2 39 "$finish" {0 0 0};
    %end;
    .thread T_4;
# The file index is used to find the file name in the following table.
:file_names 4;
    "N/A";
    "<interactive>";
    "tb_jkff.v";
    "./jkff.v";
