#! /c/Source/iverilog-install/bin/vvp
:ivl_version "12.0 (devel)" "(s20150603-1110-g18392a46)";
:ivl_delay_selection "TYPICAL";
:vpi_time_precision + 0;
:vpi_module "E:\iverilog\lib\ivl\system.vpi";
:vpi_module "E:\iverilog\lib\ivl\vhdl_sys.vpi";
:vpi_module "E:\iverilog\lib\ivl\vhdl_textio.vpi";
:vpi_module "E:\iverilog\lib\ivl\v2005_math.vpi";
:vpi_module "E:\iverilog\lib\ivl\va_math.vpi";
S_0000020eb9ab6510 .scope module, "jkff" "jkff" 2 1;
 .timescale 0 0;
    .port_info 0 /OUTPUT 1 "q";
    .port_info 1 /OUTPUT 1 "qbar";
    .port_info 2 /INPUT 1 "clk";
    .port_info 3 /INPUT 1 "clr";
    .port_info 4 /INPUT 1 "enable";
    .port_info 5 /INPUT 1 "j";
    .port_info 6 /INPUT 1 "k";
o0000020eb9b06fd8 .functor BUFZ 1, C4<z>; HiZ drive
v0000020eb9ab6720_0 .net "clk", 0 0, o0000020eb9b06fd8;  0 drivers
o0000020eb9b07008 .functor BUFZ 1, C4<z>; HiZ drive
v0000020eb9ab67c0_0 .net "clr", 0 0, o0000020eb9b07008;  0 drivers
o0000020eb9b07038 .functor BUFZ 1, C4<z>; HiZ drive
v0000020eb9b036c0_0 .net "enable", 0 0, o0000020eb9b07038;  0 drivers
o0000020eb9b07068 .functor BUFZ 1, C4<z>; HiZ drive
v0000020eb9b03760_0 .net "j", 0 0, o0000020eb9b07068;  0 drivers
o0000020eb9b07098 .functor BUFZ 1, C4<z>; HiZ drive
v0000020eb9b03800_0 .net "k", 0 0, o0000020eb9b07098;  0 drivers
v0000020eb9b038a0_0 .var "q", 0 0;
v0000020eb9b03940_0 .var "qbar", 0 0;
E_0000020eb9abcb10/0 .event anyedge, v0000020eb9b036c0_0, v0000020eb9ab67c0_0, v0000020eb9b03800_0, v0000020eb9b03760_0;
E_0000020eb9abcb10/1 .event posedge, v0000020eb9ab6720_0;
E_0000020eb9abcb10 .event/or E_0000020eb9abcb10/0, E_0000020eb9abcb10/1;
    .scope S_0000020eb9ab6510;
T_0 ;
    %wait E_0000020eb9abcb10;
    %load/vec4 v0000020eb9b036c0_0;
    %flag_set/vec4 8;
    %jmp/0xz  T_0.0, 8;
    %load/vec4 v0000020eb9ab67c0_0;
    %flag_set/vec4 8;
    %jmp/0xz  T_0.2, 8;
    %pushi/vec4 0, 0, 1;
    %store/vec4 v0000020eb9b038a0_0, 0, 1;
    %pushi/vec4 1, 0, 1;
    %store/vec4 v0000020eb9b03940_0, 0, 1;
T_0.2 ;
    %load/vec4 v0000020eb9b03760_0;
    %load/vec4 v0000020eb9b03800_0;
    %concat/vec4; draw_concat_vec4
    %dup/vec4;
    %pushi/vec4 0, 0, 2;
    %cmp/u;
    %jmp/1 T_0.4, 6;
    %dup/vec4;
    %pushi/vec4 1, 0, 2;
    %cmp/u;
    %jmp/1 T_0.5, 6;
    %dup/vec4;
    %pushi/vec4 2, 0, 2;
    %cmp/u;
    %jmp/1 T_0.6, 6;
    %dup/vec4;
    %pushi/vec4 3, 0, 2;
    %cmp/u;
    %jmp/1 T_0.7, 6;
    %jmp T_0.8;
T_0.4 ;
    %load/vec4 v0000020eb9b038a0_0;
    %assign/vec4 v0000020eb9b038a0_0, 0;
    %load/vec4 v0000020eb9b03940_0;
    %assign/vec4 v0000020eb9b03940_0, 0;
    %jmp T_0.8;
T_0.5 ;
    %pushi/vec4 0, 0, 1;
    %assign/vec4 v0000020eb9b038a0_0, 0;
    %pushi/vec4 1, 0, 1;
    %assign/vec4 v0000020eb9b03940_0, 0;
    %jmp T_0.8;
T_0.6 ;
    %pushi/vec4 1, 0, 1;
    %assign/vec4 v0000020eb9b038a0_0, 0;
    %pushi/vec4 0, 0, 1;
    %assign/vec4 v0000020eb9b03940_0, 0;
    %jmp T_0.8;
T_0.7 ;
    %load/vec4 v0000020eb9b03940_0;
    %assign/vec4 v0000020eb9b038a0_0, 0;
    %load/vec4 v0000020eb9b038a0_0;
    %assign/vec4 v0000020eb9b03940_0, 0;
    %jmp T_0.8;
T_0.8 ;
    %pop/vec4 1;
T_0.0 ;
    %jmp T_0;
    .thread T_0;
# The file index is used to find the file name in the following table.
:file_names 3;
    "N/A";
    "<interactive>";
    "jkff.v";
