#! /c/Source/iverilog-install/bin/vvp
:ivl_version "12.0 (devel)" "(s20150603-1110-g18392a46)";
:ivl_delay_selection "TYPICAL";
:vpi_time_precision + 0;
:vpi_module "E:\iverilog\lib\ivl\system.vpi";
:vpi_module "E:\iverilog\lib\ivl\vhdl_sys.vpi";
:vpi_module "E:\iverilog\lib\ivl\vhdl_textio.vpi";
:vpi_module "E:\iverilog\lib\ivl\v2005_math.vpi";
:vpi_module "E:\iverilog\lib\ivl\va_math.vpi";
S_000002090e1de200 .scope module, "ripple_counter" "ripple_counter" 2 3;
 .timescale 0 0;
    .port_info 0 /OUTPUT 3 "q";
    .port_info 1 /INPUT 1 "clk";
    .port_info 2 /INPUT 1 "clr";
    .port_info 3 /INPUT 1 "enable";
o000002090e33bf88 .functor BUFZ 1, C4<z>; HiZ drive
v000002090e334270_0 .net "clk", 0 0, o000002090e33bf88;  0 drivers
o000002090e33bfb8 .functor BUFZ 1, C4<z>; HiZ drive
v000002090e3325b0_0 .net "clr", 0 0, o000002090e33bfb8;  0 drivers
o000002090e33bfe8 .functor BUFZ 1, C4<z>; HiZ drive
v000002090e333050_0 .net "enable", 0 0, o000002090e33bfe8;  0 drivers
v000002090e332970_0 .net "q", 2 0, L_000002090e333b90;  1 drivers
L_000002090e332a10 .part L_000002090e333b90, 0, 1;
L_000002090e333b90 .concat8 [ 1 1 1 0], v000002090e32ab80_0, v000002090e32b080_0, v000002090e3328d0_0;
L_000002090e332dd0 .part L_000002090e333b90, 1, 1;
S_000002090e1de390 .scope module, "ff1" "jkff" 2 10, 3 1 0, S_000002090e1de200;
 .timescale 0 0;
    .port_info 0 /OUTPUT 1 "q";
    .port_info 1 /OUTPUT 1 "qbar";
    .port_info 2 /INPUT 1 "clk";
    .port_info 3 /INPUT 1 "clr";
    .port_info 4 /INPUT 1 "enable";
    .port_info 5 /INPUT 1 "j";
    .port_info 6 /INPUT 1 "k";
v000002090e32aea0_0 .net "clk", 0 0, o000002090e33bf88;  alias, 0 drivers
v000002090e32a900_0 .net "clr", 0 0, o000002090e33bfb8;  alias, 0 drivers
v000002090e32a680_0 .net "enable", 0 0, o000002090e33bfe8;  alias, 0 drivers
L_000002090e385008 .functor BUFT 1, C4<1>, C4<0>, C4<0>, C4<0>;
v000002090e32af40_0 .net "j", 0 0, L_000002090e385008;  1 drivers
L_000002090e385050 .functor BUFT 1, C4<1>, C4<0>, C4<0>, C4<0>;
v000002090e32aa40_0 .net "k", 0 0, L_000002090e385050;  1 drivers
v000002090e32ab80_0 .var "q", 0 0;
v000002090e32afe0_0 .var "qbar", 0 0;
E_000002090e328920/0 .event anyedge, v000002090e32a680_0, v000002090e32a900_0, v000002090e32aa40_0, v000002090e32af40_0;
E_000002090e328920/1 .event posedge, v000002090e32aea0_0;
E_000002090e328920 .event/or E_000002090e328920/0, E_000002090e328920/1;
S_000002090e332060 .scope module, "ff2" "jkff" 2 11, 3 1 0, S_000002090e1de200;
 .timescale 0 0;
    .port_info 0 /OUTPUT 1 "q";
    .port_info 1 /OUTPUT 1 "qbar";
    .port_info 2 /INPUT 1 "clk";
    .port_info 3 /INPUT 1 "clr";
    .port_info 4 /INPUT 1 "enable";
    .port_info 5 /INPUT 1 "j";
    .port_info 6 /INPUT 1 "k";
v000002090e32b3a0_0 .net "clk", 0 0, L_000002090e332a10;  1 drivers
v000002090e32ac20_0 .net "clr", 0 0, o000002090e33bfb8;  alias, 0 drivers
v000002090e32a7c0_0 .net "enable", 0 0, o000002090e33bfe8;  alias, 0 drivers
L_000002090e385098 .functor BUFT 1, C4<1>, C4<0>, C4<0>, C4<0>;
v000002090e32a720_0 .net "j", 0 0, L_000002090e385098;  1 drivers
L_000002090e3850e0 .functor BUFT 1, C4<1>, C4<0>, C4<0>, C4<0>;
v000002090e32b1c0_0 .net "k", 0 0, L_000002090e3850e0;  1 drivers
v000002090e32b080_0 .var "q", 0 0;
v000002090e32b440_0 .var "qbar", 0 0;
E_000002090e3287a0/0 .event anyedge, v000002090e32a680_0, v000002090e32a900_0, v000002090e32b1c0_0, v000002090e32a720_0;
E_000002090e3287a0/1 .event posedge, v000002090e32b3a0_0;
E_000002090e3287a0 .event/or E_000002090e3287a0/0, E_000002090e3287a0/1;
S_000002090e3321f0 .scope module, "ff3" "jkff" 2 12, 3 1 0, S_000002090e1de200;
 .timescale 0 0;
    .port_info 0 /OUTPUT 1 "q";
    .port_info 1 /OUTPUT 1 "qbar";
    .port_info 2 /INPUT 1 "clk";
    .port_info 3 /INPUT 1 "clr";
    .port_info 4 /INPUT 1 "enable";
    .port_info 5 /INPUT 1 "j";
    .port_info 6 /INPUT 1 "k";
v000002090e32acc0_0 .net "clk", 0 0, L_000002090e332dd0;  1 drivers
v000002090e32b260_0 .net "clr", 0 0, o000002090e33bfb8;  alias, 0 drivers
v000002090e32ad60_0 .net "enable", 0 0, o000002090e33bfe8;  alias, 0 drivers
L_000002090e385128 .functor BUFT 1, C4<1>, C4<0>, C4<0>, C4<0>;
v000002090e3323d0_0 .net "j", 0 0, L_000002090e385128;  1 drivers
L_000002090e385170 .functor BUFT 1, C4<1>, C4<0>, C4<0>, C4<0>;
v000002090e333cd0_0 .net "k", 0 0, L_000002090e385170;  1 drivers
v000002090e3328d0_0 .var "q", 0 0;
v000002090e332790_0 .var "qbar", 0 0;
E_000002090e328960/0 .event anyedge, v000002090e32a680_0, v000002090e32a900_0, v000002090e333cd0_0, v000002090e3323d0_0;
E_000002090e328960/1 .event posedge, v000002090e32acc0_0;
E_000002090e328960 .event/or E_000002090e328960/0, E_000002090e328960/1;
    .scope S_000002090e1de390;
T_0 ;
    %wait E_000002090e328920;
    %load/vec4 v000002090e32a680_0;
    %flag_set/vec4 8;
    %jmp/0xz  T_0.0, 8;
    %load/vec4 v000002090e32a900_0;
    %flag_set/vec4 8;
    %jmp/0xz  T_0.2, 8;
    %pushi/vec4 0, 0, 1;
    %store/vec4 v000002090e32ab80_0, 0, 1;
    %pushi/vec4 1, 0, 1;
    %store/vec4 v000002090e32afe0_0, 0, 1;
T_0.2 ;
    %load/vec4 v000002090e32af40_0;
    %load/vec4 v000002090e32aa40_0;
    %concat/vec4; draw_concat_vec4
    %dup/vec4;
    %pushi/vec4 0, 0, 2;
    %cmp/u;
    %jmp/1 T_0.4, 6;
    %dup/vec4;
    %pushi/vec4 1, 0, 2;
    %cmp/u;
    %jmp/1 T_0.5, 6;
    %dup/vec4;
    %pushi/vec4 2, 0, 2;
    %cmp/u;
    %jmp/1 T_0.6, 6;
    %dup/vec4;
    %pushi/vec4 3, 0, 2;
    %cmp/u;
    %jmp/1 T_0.7, 6;
    %jmp T_0.8;
T_0.4 ;
    %load/vec4 v000002090e32ab80_0;
    %assign/vec4 v000002090e32ab80_0, 0;
    %load/vec4 v000002090e32afe0_0;
    %assign/vec4 v000002090e32afe0_0, 0;
    %jmp T_0.8;
T_0.5 ;
    %pushi/vec4 0, 0, 1;
    %assign/vec4 v000002090e32ab80_0, 0;
    %pushi/vec4 1, 0, 1;
    %assign/vec4 v000002090e32afe0_0, 0;
    %jmp T_0.8;
T_0.6 ;
    %pushi/vec4 1, 0, 1;
    %assign/vec4 v000002090e32ab80_0, 0;
    %pushi/vec4 0, 0, 1;
    %assign/vec4 v000002090e32afe0_0, 0;
    %jmp T_0.8;
T_0.7 ;
    %load/vec4 v000002090e32afe0_0;
    %assign/vec4 v000002090e32ab80_0, 0;
    %load/vec4 v000002090e32ab80_0;
    %assign/vec4 v000002090e32afe0_0, 0;
    %jmp T_0.8;
T_0.8 ;
    %pop/vec4 1;
T_0.0 ;
    %jmp T_0;
    .thread T_0;
    .scope S_000002090e332060;
T_1 ;
    %wait E_000002090e3287a0;
    %load/vec4 v000002090e32a7c0_0;
    %flag_set/vec4 8;
    %jmp/0xz  T_1.0, 8;
    %load/vec4 v000002090e32ac20_0;
    %flag_set/vec4 8;
    %jmp/0xz  T_1.2, 8;
    %pushi/vec4 0, 0, 1;
    %store/vec4 v000002090e32b080_0, 0, 1;
    %pushi/vec4 1, 0, 1;
    %store/vec4 v000002090e32b440_0, 0, 1;
T_1.2 ;
    %load/vec4 v000002090e32a720_0;
    %load/vec4 v000002090e32b1c0_0;
    %concat/vec4; draw_concat_vec4
    %dup/vec4;
    %pushi/vec4 0, 0, 2;
    %cmp/u;
    %jmp/1 T_1.4, 6;
    %dup/vec4;
    %pushi/vec4 1, 0, 2;
    %cmp/u;
    %jmp/1 T_1.5, 6;
    %dup/vec4;
    %pushi/vec4 2, 0, 2;
    %cmp/u;
    %jmp/1 T_1.6, 6;
    %dup/vec4;
    %pushi/vec4 3, 0, 2;
    %cmp/u;
    %jmp/1 T_1.7, 6;
    %jmp T_1.8;
T_1.4 ;
    %load/vec4 v000002090e32b080_0;
    %assign/vec4 v000002090e32b080_0, 0;
    %load/vec4 v000002090e32b440_0;
    %assign/vec4 v000002090e32b440_0, 0;
    %jmp T_1.8;
T_1.5 ;
    %pushi/vec4 0, 0, 1;
    %assign/vec4 v000002090e32b080_0, 0;
    %pushi/vec4 1, 0, 1;
    %assign/vec4 v000002090e32b440_0, 0;
    %jmp T_1.8;
T_1.6 ;
    %pushi/vec4 1, 0, 1;
    %assign/vec4 v000002090e32b080_0, 0;
    %pushi/vec4 0, 0, 1;
    %assign/vec4 v000002090e32b440_0, 0;
    %jmp T_1.8;
T_1.7 ;
    %load/vec4 v000002090e32b440_0;
    %assign/vec4 v000002090e32b080_0, 0;
    %load/vec4 v000002090e32b080_0;
    %assign/vec4 v000002090e32b440_0, 0;
    %jmp T_1.8;
T_1.8 ;
    %pop/vec4 1;
T_1.0 ;
    %jmp T_1;
    .thread T_1;
    .scope S_000002090e3321f0;
T_2 ;
    %wait E_000002090e328960;
    %load/vec4 v000002090e32ad60_0;
    %flag_set/vec4 8;
    %jmp/0xz  T_2.0, 8;
    %load/vec4 v000002090e32b260_0;
    %flag_set/vec4 8;
    %jmp/0xz  T_2.2, 8;
    %pushi/vec4 0, 0, 1;
    %store/vec4 v000002090e3328d0_0, 0, 1;
    %pushi/vec4 1, 0, 1;
    %store/vec4 v000002090e332790_0, 0, 1;
T_2.2 ;
    %load/vec4 v000002090e3323d0_0;
    %load/vec4 v000002090e333cd0_0;
    %concat/vec4; draw_concat_vec4
    %dup/vec4;
    %pushi/vec4 0, 0, 2;
    %cmp/u;
    %jmp/1 T_2.4, 6;
    %dup/vec4;
    %pushi/vec4 1, 0, 2;
    %cmp/u;
    %jmp/1 T_2.5, 6;
    %dup/vec4;
    %pushi/vec4 2, 0, 2;
    %cmp/u;
    %jmp/1 T_2.6, 6;
    %dup/vec4;
    %pushi/vec4 3, 0, 2;
    %cmp/u;
    %jmp/1 T_2.7, 6;
    %jmp T_2.8;
T_2.4 ;
    %load/vec4 v000002090e3328d0_0;
    %assign/vec4 v000002090e3328d0_0, 0;
    %load/vec4 v000002090e332790_0;
    %assign/vec4 v000002090e332790_0, 0;
    %jmp T_2.8;
T_2.5 ;
    %pushi/vec4 0, 0, 1;
    %assign/vec4 v000002090e3328d0_0, 0;
    %pushi/vec4 1, 0, 1;
    %assign/vec4 v000002090e332790_0, 0;
    %jmp T_2.8;
T_2.6 ;
    %pushi/vec4 1, 0, 1;
    %assign/vec4 v000002090e3328d0_0, 0;
    %pushi/vec4 0, 0, 1;
    %assign/vec4 v000002090e332790_0, 0;
    %jmp T_2.8;
T_2.7 ;
    %load/vec4 v000002090e332790_0;
    %assign/vec4 v000002090e3328d0_0, 0;
    %load/vec4 v000002090e3328d0_0;
    %assign/vec4 v000002090e332790_0, 0;
    %jmp T_2.8;
T_2.8 ;
    %pop/vec4 1;
T_2.0 ;
    %jmp T_2;
    .thread T_2;
# The file index is used to find the file name in the following table.
:file_names 4;
    "N/A";
    "<interactive>";
    "ripple_counter.v";
    "./jkff.v";
