#! /c/Source/iverilog-install/bin/vvp
:ivl_version "12.0 (devel)" "(s20150603-1110-g18392a46)";
:ivl_delay_selection "TYPICAL";
:vpi_time_precision + 0;
:vpi_module "E:\iverilog\lib\ivl\system.vpi";
:vpi_module "E:\iverilog\lib\ivl\vhdl_sys.vpi";
:vpi_module "E:\iverilog\lib\ivl\vhdl_textio.vpi";
:vpi_module "E:\iverilog\lib\ivl\v2005_math.vpi";
:vpi_module "E:\iverilog\lib\ivl\va_math.vpi";
S_0000024605c66500 .scope module, "Asyn_updown" "Asyn_updown" 2 1;
 .timescale 0 0;
    .port_info 0 /OUTPUT 3 "y";
    .port_info 1 /INPUT 1 "clk";
    .port_info 2 /INPUT 1 "rst";
    .port_info 3 /INPUT 1 "updown";
o0000024605cb6fb8 .functor BUFZ 1, C4<z>; HiZ drive
v0000024605c66690_0 .net "clk", 0 0, o0000024605cb6fb8;  0 drivers
o0000024605cb6fe8 .functor BUFZ 1, C4<z>; HiZ drive
v0000024605c66730_0 .net "rst", 0 0, o0000024605cb6fe8;  0 drivers
o0000024605cb7018 .functor BUFZ 1, C4<z>; HiZ drive
v0000024605c667d0_0 .net "updown", 0 0, o0000024605cb7018;  0 drivers
v0000024605c6d960_0 .var "y", 2 0;
E_0000024605c68d60/0 .event anyedge, v0000024605c66730_0;
E_0000024605c68d60/1 .event posedge, v0000024605c66690_0;
E_0000024605c68d60 .event/or E_0000024605c68d60/0, E_0000024605c68d60/1;
    .scope S_0000024605c66500;
T_0 ;
    %pushi/vec4 0, 0, 3;
    %store/vec4 v0000024605c6d960_0, 0, 3;
    %end;
    .thread T_0;
    .scope S_0000024605c66500;
T_1 ;
    %wait E_0000024605c68d60;
    %load/vec4 v0000024605c66730_0;
    %flag_set/vec4 8;
    %jmp/0xz  T_1.0, 8;
    %pushi/vec4 0, 0, 3;
    %store/vec4 v0000024605c6d960_0, 0, 3;
    %jmp T_1.1;
T_1.0 ;
    %load/vec4 v0000024605c667d0_0;
    %flag_set/vec4 8;
    %jmp/0xz  T_1.2, 8;
    %load/vec4 v0000024605c6d960_0;
    %addi 1, 0, 3;
    %store/vec4 v0000024605c6d960_0, 0, 3;
    %jmp T_1.3;
T_1.2 ;
    %load/vec4 v0000024605c6d960_0;
    %subi 1, 0, 3;
    %store/vec4 v0000024605c6d960_0, 0, 3;
T_1.3 ;
T_1.1 ;
    %jmp T_1;
    .thread T_1;
# The file index is used to find the file name in the following table.
:file_names 3;
    "N/A";
    "<interactive>";
    "Asyn_rst_updown_counter.v";
