#! /c/Source/iverilog-install/bin/vvp
:ivl_version "12.0 (devel)" "(s20150603-1110-g18392a46)";
:ivl_delay_selection "TYPICAL";
:vpi_time_precision + 0;
:vpi_module "E:\iverilog\lib\ivl\system.vpi";
:vpi_module "E:\iverilog\lib\ivl\vhdl_sys.vpi";
:vpi_module "E:\iverilog\lib\ivl\vhdl_textio.vpi";
:vpi_module "E:\iverilog\lib\ivl\v2005_math.vpi";
:vpi_module "E:\iverilog\lib\ivl\va_math.vpi";
S_0000023588cb6c90 .scope module, "mux_using_bufif" "mux_using_bufif" 2 1;
 .timescale 0 0;
    .port_info 0 /INPUT 1 "in0";
    .port_info 1 /INPUT 1 "in1";
    .port_info 2 /INPUT 1 "sel";
    .port_info 3 /OUTPUT 1 "out";
o0000023588cb6e28 .functor BUFZ 1, C4<z>; HiZ drive
o0000023588cb6eb8 .functor BUFZ 1, C4<z>; HiZ drive
L_0000023588e36890 .functor BUFIF0 1, o0000023588cb6e28, o0000023588cb6eb8, C4<0>, C4<0>;
o0000023588cb6e58 .functor BUFZ 1, C4<z>; HiZ drive
L_0000023588e36d00 .functor BUFIF1 1, o0000023588cb6e58, o0000023588cb6eb8, C4<0>, C4<0>;
v0000023588e36ac0_0 .net "in0", 0 0, o0000023588cb6e28;  0 drivers
v0000023588e367f0_0 .net "in1", 0 0, o0000023588cb6e58;  0 drivers
RS_0000023588cb6e88 .resolv tri, L_0000023588e36890, L_0000023588e36d00;
v0000023588cb0650_0 .net8 "out", 0 0, RS_0000023588cb6e88;  2 drivers, strength-aware
v0000023588cb06f0_0 .net "sel", 0 0, o0000023588cb6eb8;  0 drivers
# The file index is used to find the file name in the following table.
:file_names 3;
    "N/A";
    "<interactive>";
    "2to1Mux_buff.v";
