#! /c/Source/iverilog-install/bin/vvp
:ivl_version "12.0 (devel)" "(s20150603-1110-g18392a46)";
:ivl_delay_selection "TYPICAL";
:vpi_time_precision + 0;
:vpi_module "E:\iverilog\lib\ivl\system.vpi";
:vpi_module "E:\iverilog\lib\ivl\vhdl_sys.vpi";
:vpi_module "E:\iverilog\lib\ivl\vhdl_textio.vpi";
:vpi_module "E:\iverilog\lib\ivl\v2005_math.vpi";
:vpi_module "E:\iverilog\lib\ivl\va_math.vpi";
S_000002697a7c6510 .scope module, "dff" "dff" 2 1;
 .timescale 0 0;
    .port_info 0 /OUTPUT 1 "q";
    .port_info 1 /OUTPUT 1 "qbar";
    .port_info 2 /INPUT 1 "clk";
    .port_info 3 /INPUT 1 "clr";
    .port_info 4 /INPUT 1 "d";
o000002697a6e6fd8 .functor BUFZ 1, C4<z>; HiZ drive
v000002697a7c66a0_0 .net "clk", 0 0, o000002697a6e6fd8;  0 drivers
o000002697a6e7008 .functor BUFZ 1, C4<z>; HiZ drive
v000002697a7c6740_0 .net "clr", 0 0, o000002697a6e7008;  0 drivers
o000002697a6e7038 .functor BUFZ 1, C4<z>; HiZ drive
v000002697a7c67e0_0 .net "d", 0 0, o000002697a6e7038;  0 drivers
v000002697a7cdf50_0 .var "q", 0 0;
v000002697a7cdff0_0 .var "qbar", 0 0;
E_000002697a7c95e0/0 .event anyedge, v000002697a7c6740_0;
E_000002697a7c95e0/1 .event posedge, v000002697a7c66a0_0;
E_000002697a7c95e0 .event/or E_000002697a7c95e0/0, E_000002697a7c95e0/1;
    .scope S_000002697a7c6510;
T_0 ;
    %pushi/vec4 0, 0, 1;
    %store/vec4 v000002697a7cdff0_0, 0, 1;
    %end;
    .thread T_0;
    .scope S_000002697a7c6510;
T_1 ;
    %wait E_000002697a7c95e0;
    %load/vec4 v000002697a7c6740_0;
    %flag_set/vec4 8;
    %jmp/0xz  T_1.0, 8;
    %pushi/vec4 0, 0, 1;
    %store/vec4 v000002697a7cdf50_0, 0, 1;
    %load/vec4 v000002697a7cdf50_0;
    %inv;
    %store/vec4 v000002697a7cdff0_0, 0, 1;
    %jmp T_1.1;
T_1.0 ;
    %load/vec4 v000002697a7c67e0_0;
    %store/vec4 v000002697a7cdf50_0, 0, 1;
    %load/vec4 v000002697a7cdf50_0;
    %inv;
    %store/vec4 v000002697a7cdff0_0, 0, 1;
T_1.1 ;
    %jmp T_1;
    .thread T_1;
# The file index is used to find the file name in the following table.
:file_names 3;
    "N/A";
    "<interactive>";
    "Dflip_flop.v";
