#! /c/Source/iverilog-install/bin/vvp
:ivl_version "12.0 (devel)" "(s20150603-1110-g18392a46)";
:ivl_delay_selection "TYPICAL";
:vpi_time_precision + 0;
:vpi_module "E:\iverilog\lib\ivl\system.vpi";
:vpi_module "E:\iverilog\lib\ivl\vhdl_sys.vpi";
:vpi_module "E:\iverilog\lib\ivl\vhdl_textio.vpi";
:vpi_module "E:\iverilog\lib\ivl\v2005_math.vpi";
:vpi_module "E:\iverilog\lib\ivl\va_math.vpi";
S_00000242aeee6230 .scope module, "ripple_counter_dff" "ripple_counter_dff" 2 3;
 .timescale 0 0;
    .port_info 0 /OUTPUT 3 "q";
    .port_info 1 /INPUT 1 "clk";
    .port_info 2 /INPUT 1 "clr";
o00000242aeee6fa8 .functor BUFZ 1, C4<z>; HiZ drive
v00000242aef34520_0 .net "clk", 0 0, o00000242aeee6fa8;  0 drivers
o00000242aeee6fd8 .functor BUFZ 1, C4<z>; HiZ drive
v00000242aef34d40_0 .net "clr", 0 0, o00000242aeee6fd8;  0 drivers
v00000242aef347a0_0 .net "q", 2 0, L_00000242aef34980;  1 drivers
v00000242aef34e80_0 .net "qbar", 2 0, L_00000242aef34a20;  1 drivers
L_00000242aef34840 .part L_00000242aef34a20, 2, 1;
L_00000242aef34fc0 .part L_00000242aef34980, 0, 1;
L_00000242aef348e0 .part L_00000242aef34a20, 0, 1;
L_00000242aef34980 .concat8 [ 1 1 1 0], v00000242aeee4150_0, v00000242aef34020_0, v00000242aef34480_0;
L_00000242aef34a20 .concat8 [ 1 1 1 0], v00000242aeee41f0_0, v00000242aef340c0_0, v00000242aef34700_0;
L_00000242aef34ac0 .part L_00000242aef34980, 1, 1;
L_00000242aef34b60 .part L_00000242aef34a20, 1, 1;
S_00000242aeee63c0 .scope module, "ff1" "dff" 2 10, 3 1 0, S_00000242aeee6230;
 .timescale 0 0;
    .port_info 0 /OUTPUT 1 "q";
    .port_info 1 /OUTPUT 1 "qbar";
    .port_info 2 /INPUT 1 "clk";
    .port_info 3 /INPUT 1 "clr";
    .port_info 4 /INPUT 1 "d";
v00000242aeee6550_0 .net "clk", 0 0, o00000242aeee6fa8;  alias, 0 drivers
v00000242aeed7610_0 .net "clr", 0 0, o00000242aeee6fd8;  alias, 0 drivers
v00000242aefb6840_0 .net "d", 0 0, L_00000242aef34840;  1 drivers
v00000242aeee4150_0 .var "q", 0 0;
v00000242aeee41f0_0 .var "qbar", 0 0;
E_00000242aefbbea0/0 .event anyedge, v00000242aeed7610_0;
E_00000242aefbbea0/1 .event posedge, v00000242aeee6550_0;
E_00000242aefbbea0 .event/or E_00000242aefbbea0/0, E_00000242aefbbea0/1;
S_00000242aeee4290 .scope module, "ff2" "dff" 2 11, 3 1 0, S_00000242aeee6230;
 .timescale 0 0;
    .port_info 0 /OUTPUT 1 "q";
    .port_info 1 /OUTPUT 1 "qbar";
    .port_info 2 /INPUT 1 "clk";
    .port_info 3 /INPUT 1 "clr";
    .port_info 4 /INPUT 1 "d";
v00000242aeee4420_0 .net "clk", 0 0, L_00000242aef34fc0;  1 drivers
v00000242aeee44c0_0 .net "clr", 0 0, o00000242aeee6fd8;  alias, 0 drivers
v00000242aeee4560_0 .net "d", 0 0, L_00000242aef348e0;  1 drivers
v00000242aef34020_0 .var "q", 0 0;
v00000242aef340c0_0 .var "qbar", 0 0;
E_00000242aefbbd60/0 .event anyedge, v00000242aeed7610_0;
E_00000242aefbbd60/1 .event posedge, v00000242aeee4420_0;
E_00000242aefbbd60 .event/or E_00000242aefbbd60/0, E_00000242aefbbd60/1;
S_00000242aef34160 .scope module, "ff3" "dff" 2 12, 3 1 0, S_00000242aeee6230;
 .timescale 0 0;
    .port_info 0 /OUTPUT 1 "q";
    .port_info 1 /OUTPUT 1 "qbar";
    .port_info 2 /INPUT 1 "clk";
    .port_info 3 /INPUT 1 "clr";
    .port_info 4 /INPUT 1 "d";
v00000242aef35240_0 .net "clk", 0 0, L_00000242aef34ac0;  1 drivers
v00000242aef345c0_0 .net "clr", 0 0, o00000242aeee6fd8;  alias, 0 drivers
v00000242aef34660_0 .net "d", 0 0, L_00000242aef34b60;  1 drivers
v00000242aef34480_0 .var "q", 0 0;
v00000242aef34700_0 .var "qbar", 0 0;
E_00000242aefbaf60/0 .event anyedge, v00000242aeed7610_0;
E_00000242aefbaf60/1 .event posedge, v00000242aef35240_0;
E_00000242aefbaf60 .event/or E_00000242aefbaf60/0, E_00000242aefbaf60/1;
    .scope S_00000242aeee63c0;
T_0 ;
    %wait E_00000242aefbbea0;
    %load/vec4 v00000242aeed7610_0;
    %flag_set/vec4 8;
    %jmp/0xz  T_0.0, 8;
    %pushi/vec4 0, 0, 1;
    %store/vec4 v00000242aeee4150_0, 0, 1;
    %load/vec4 v00000242aeee4150_0;
    %inv;
    %store/vec4 v00000242aeee41f0_0, 0, 1;
    %jmp T_0.1;
T_0.0 ;
    %load/vec4 v00000242aefb6840_0;
    %store/vec4 v00000242aeee4150_0, 0, 1;
    %load/vec4 v00000242aeee4150_0;
    %inv;
    %store/vec4 v00000242aeee41f0_0, 0, 1;
T_0.1 ;
    %jmp T_0;
    .thread T_0;
    .scope S_00000242aeee4290;
T_1 ;
    %wait E_00000242aefbbd60;
    %load/vec4 v00000242aeee44c0_0;
    %flag_set/vec4 8;
    %jmp/0xz  T_1.0, 8;
    %pushi/vec4 0, 0, 1;
    %store/vec4 v00000242aef34020_0, 0, 1;
    %load/vec4 v00000242aef34020_0;
    %inv;
    %store/vec4 v00000242aef340c0_0, 0, 1;
    %jmp T_1.1;
T_1.0 ;
    %load/vec4 v00000242aeee4560_0;
    %store/vec4 v00000242aef34020_0, 0, 1;
    %load/vec4 v00000242aef34020_0;
    %inv;
    %store/vec4 v00000242aef340c0_0, 0, 1;
T_1.1 ;
    %jmp T_1;
    .thread T_1;
    .scope S_00000242aef34160;
T_2 ;
    %wait E_00000242aefbaf60;
    %load/vec4 v00000242aef345c0_0;
    %flag_set/vec4 8;
    %jmp/0xz  T_2.0, 8;
    %pushi/vec4 0, 0, 1;
    %store/vec4 v00000242aef34480_0, 0, 1;
    %load/vec4 v00000242aef34480_0;
    %inv;
    %store/vec4 v00000242aef34700_0, 0, 1;
    %jmp T_2.1;
T_2.0 ;
    %load/vec4 v00000242aef34660_0;
    %store/vec4 v00000242aef34480_0, 0, 1;
    %load/vec4 v00000242aef34480_0;
    %inv;
    %store/vec4 v00000242aef34700_0, 0, 1;
T_2.1 ;
    %jmp T_2;
    .thread T_2;
# The file index is used to find the file name in the following table.
:file_names 4;
    "N/A";
    "<interactive>";
    "ripple_counter_dff.v";
    "./Dflip_flop.v";
