#! /c/Source/iverilog-install/bin/vvp
:ivl_version "12.0 (devel)" "(s20150603-1110-g18392a46)";
:ivl_delay_selection "TYPICAL";
:vpi_time_precision + 0;
:vpi_module "E:\iverilog\lib\ivl\system.vpi";
:vpi_module "E:\iverilog\lib\ivl\vhdl_sys.vpi";
:vpi_module "E:\iverilog\lib\ivl\vhdl_textio.vpi";
:vpi_module "E:\iverilog\lib\ivl\v2005_math.vpi";
:vpi_module "E:\iverilog\lib\ivl\va_math.vpi";
S_0000026ab341bb00 .scope module, "testb_ripple_d_counter" "testb_ripple_d_counter" 2 3;
 .timescale 0 0;
v0000026ab3421fc0_0 .var "clk", 0 0;
v0000026ab3422740_0 .var "clr", 0 0;
v0000026ab3422240_0 .net "q", 2 0, L_0000026ab3422060;  1 drivers
E_0000026ab3419490 .event posedge, v0000026ab358db20_0;
S_0000026ab341bc90 .scope module, "count1" "ripple_counter_dff" 2 8, 3 3 0, S_0000026ab341bb00;
 .timescale 0 0;
    .port_info 0 /OUTPUT 3 "q";
    .port_info 1 /INPUT 1 "clk";
    .port_info 2 /INPUT 1 "clr";
v0000026ab3421f20_0 .net "clk", 0 0, v0000026ab3421fc0_0;  1 drivers
v0000026ab3422380_0 .net "clr", 0 0, v0000026ab3422740_0;  1 drivers
v0000026ab34224c0_0 .net "q", 2 0, L_0000026ab3422060;  alias, 1 drivers
v0000026ab3422420_0 .net "qbar", 2 0, L_0000026ab34226a0;  1 drivers
L_0000026ab3422ce0 .part L_0000026ab34226a0, 2, 1;
L_0000026ab3422d80 .part L_0000026ab3422060, 0, 1;
L_0000026ab34229c0 .part L_0000026ab34226a0, 0, 1;
L_0000026ab3422060 .concat8 [ 1 1 1 0], v0000026ab358dc60_0, v0000026ab3422100_0, v0000026ab34221a0_0;
L_0000026ab34226a0 .concat8 [ 1 1 1 0], v0000026ab358dd00_0, v0000026ab3422b00_0, v0000026ab3422ba0_0;
L_0000026ab3422920 .part L_0000026ab3422060, 1, 1;
L_0000026ab34227e0 .part L_0000026ab34226a0, 1, 1;
S_0000026ab358d990 .scope module, "ff1" "dff" 3 10, 4 1 0, S_0000026ab341bc90;
 .timescale 0 0;
    .port_info 0 /OUTPUT 1 "q";
    .port_info 1 /OUTPUT 1 "qbar";
    .port_info 2 /INPUT 1 "clk";
    .port_info 3 /INPUT 1 "clr";
    .port_info 4 /INPUT 1 "d";
v0000026ab358db20_0 .net "clk", 0 0, v0000026ab3421fc0_0;  alias, 1 drivers
v0000026ab3426520_0 .net "clr", 0 0, v0000026ab3422740_0;  alias, 1 drivers
v0000026ab358dbc0_0 .net "d", 0 0, L_0000026ab3422ce0;  1 drivers
v0000026ab358dc60_0 .var "q", 0 0;
v0000026ab358dd00_0 .var "qbar", 0 0;
E_0000026ab3419b10/0 .event anyedge, v0000026ab3426520_0;
E_0000026ab3419b10/1 .event posedge, v0000026ab358db20_0;
E_0000026ab3419b10 .event/or E_0000026ab3419b10/0, E_0000026ab3419b10/1;
S_0000026ab3586480 .scope module, "ff2" "dff" 3 11, 4 1 0, S_0000026ab341bc90;
 .timescale 0 0;
    .port_info 0 /OUTPUT 1 "q";
    .port_info 1 /OUTPUT 1 "qbar";
    .port_info 2 /INPUT 1 "clk";
    .port_info 3 /INPUT 1 "clr";
    .port_info 4 /INPUT 1 "d";
v0000026ab3422c40_0 .net "clk", 0 0, L_0000026ab3422d80;  1 drivers
v0000026ab3422a60_0 .net "clr", 0 0, v0000026ab3422740_0;  alias, 1 drivers
v0000026ab3422600_0 .net "d", 0 0, L_0000026ab34229c0;  1 drivers
v0000026ab3422100_0 .var "q", 0 0;
v0000026ab3422b00_0 .var "qbar", 0 0;
E_0000026ab3419150/0 .event anyedge, v0000026ab3426520_0;
E_0000026ab3419150/1 .event posedge, v0000026ab3422c40_0;
E_0000026ab3419150 .event/or E_0000026ab3419150/0, E_0000026ab3419150/1;
S_0000026ab3586610 .scope module, "ff3" "dff" 3 12, 4 1 0, S_0000026ab341bc90;
 .timescale 0 0;
    .port_info 0 /OUTPUT 1 "q";
    .port_info 1 /OUTPUT 1 "qbar";
    .port_info 2 /INPUT 1 "clk";
    .port_info 3 /INPUT 1 "clr";
    .port_info 4 /INPUT 1 "d";
v0000026ab3422560_0 .net "clk", 0 0, L_0000026ab3422920;  1 drivers
v0000026ab34222e0_0 .net "clr", 0 0, v0000026ab3422740_0;  alias, 1 drivers
v0000026ab3422e20_0 .net "d", 0 0, L_0000026ab34227e0;  1 drivers
v0000026ab34221a0_0 .var "q", 0 0;
v0000026ab3422ba0_0 .var "qbar", 0 0;
E_0000026ab3419750/0 .event anyedge, v0000026ab3426520_0;
E_0000026ab3419750/1 .event posedge, v0000026ab3422560_0;
E_0000026ab3419750 .event/or E_0000026ab3419750/0, E_0000026ab3419750/1;
    .scope S_0000026ab358d990;
T_0 ;
    %wait E_0000026ab3419b10;
    %load/vec4 v0000026ab3426520_0;
    %flag_set/vec4 8;
    %jmp/0xz  T_0.0, 8;
    %pushi/vec4 0, 0, 1;
    %store/vec4 v0000026ab358dc60_0, 0, 1;
    %load/vec4 v0000026ab358dc60_0;
    %inv;
    %store/vec4 v0000026ab358dd00_0, 0, 1;
    %jmp T_0.1;
T_0.0 ;
    %load/vec4 v0000026ab358dbc0_0;
    %store/vec4 v0000026ab358dc60_0, 0, 1;
    %load/vec4 v0000026ab358dc60_0;
    %inv;
    %store/vec4 v0000026ab358dd00_0, 0, 1;
T_0.1 ;
    %jmp T_0;
    .thread T_0;
    .scope S_0000026ab3586480;
T_1 ;
    %wait E_0000026ab3419150;
    %load/vec4 v0000026ab3422a60_0;
    %flag_set/vec4 8;
    %jmp/0xz  T_1.0, 8;
    %pushi/vec4 0, 0, 1;
    %store/vec4 v0000026ab3422100_0, 0, 1;
    %load/vec4 v0000026ab3422100_0;
    %inv;
    %store/vec4 v0000026ab3422b00_0, 0, 1;
    %jmp T_1.1;
T_1.0 ;
    %load/vec4 v0000026ab3422600_0;
    %store/vec4 v0000026ab3422100_0, 0, 1;
    %load/vec4 v0000026ab3422100_0;
    %inv;
    %store/vec4 v0000026ab3422b00_0, 0, 1;
T_1.1 ;
    %jmp T_1;
    .thread T_1;
    .scope S_0000026ab3586610;
T_2 ;
    %wait E_0000026ab3419750;
    %load/vec4 v0000026ab34222e0_0;
    %flag_set/vec4 8;
    %jmp/0xz  T_2.0, 8;
    %pushi/vec4 0, 0, 1;
    %store/vec4 v0000026ab34221a0_0, 0, 1;
    %load/vec4 v0000026ab34221a0_0;
    %inv;
    %store/vec4 v0000026ab3422ba0_0, 0, 1;
    %jmp T_2.1;
T_2.0 ;
    %load/vec4 v0000026ab3422e20_0;
    %store/vec4 v0000026ab34221a0_0, 0, 1;
    %load/vec4 v0000026ab34221a0_0;
    %inv;
    %store/vec4 v0000026ab3422ba0_0, 0, 1;
T_2.1 ;
    %jmp T_2;
    .thread T_2;
    .scope S_0000026ab341bb00;
T_3 ;
    %pushi/vec4 0, 0, 1;
    %store/vec4 v0000026ab3421fc0_0, 0, 1;
    %pushi/vec4 1, 0, 1;
    %store/vec4 v0000026ab3422740_0, 0, 1;
    %delay 5, 0;
    %pushi/vec4 0, 0, 1;
    %store/vec4 v0000026ab3422740_0, 0, 1;
    %delay 50, 0;
    %vpi_call 2 14 "$finish" {0 0 0};
    %end;
    .thread T_3;
    .scope S_0000026ab341bb00;
T_4 ;
    %delay 1, 0;
    %load/vec4 v0000026ab3421fc0_0;
    %inv;
    %store/vec4 v0000026ab3421fc0_0, 0, 1;
    %jmp T_4;
    .thread T_4;
    .scope S_0000026ab341bb00;
T_5 ;
    %wait E_0000026ab3419490;
    %jmp T_5;
    .thread T_5;
    .scope S_0000026ab341bb00;
T_6 ;
    %vpi_call 2 25 "$monitor", $time, "ns clk=%b,clr=%b,q[0]=%b,q[1]=%b,q=%b", v0000026ab3421fc0_0, v0000026ab3422740_0, &PV<v0000026ab3422240_0, 0, 1>, &PV<v0000026ab3422240_0, 1, 1>, v0000026ab3422240_0 {0 0 0};
    %vpi_call 2 26 "$dumpfile", "testb_ripple_counter.vcd" {0 0 0};
    %vpi_call 2 27 "$dumpvars" {0 0 0};
    %end;
    .thread T_6;
# The file index is used to find the file name in the following table.
:file_names 5;
    "N/A";
    "<interactive>";
    "tb_ripple_d_counter.v";
    "./ripple_counter_dff.v";
    "./Dflip_flop.v";
